This is pdfTeX, Version 3.141592653-2.6-1.40.26 (TeX Live 2024) (preloaded format=pdflatex 2024.10.14)  26 OCT 2025 22:14
entering extended mode
 restricted \write18 enabled.
 file:line:error style messages enabled.
 %&-line parsing enabled.
**NM_HM1_ZhidongZ
(./NM_HM1_ZhidongZ.tex
LaTeX2e <2023-11-01> patch level 1
L3 programming layer <2024-02-20>
(/usr/local/texlive/2024/texmf-dist/tex/latex/base/article.cls
Document Class: article 2023/05/17 v1.4n Standard LaTeX document class
(/usr/local/texlive/2024/texmf-dist/tex/latex/base/size12.clo
File: size12.clo 2023/05/17 v1.4n Standard LaTeX file (size option)
)
\c@part=\count188
\c@section=\count189
\c@subsection=\count190
\c@subsubsection=\count191
\c@paragraph=\count192
\c@subparagraph=\count193
\c@figure=\count194
\c@table=\count195
\abovecaptionskip=\skip48
\belowcaptionskip=\skip49
\bibindent=\dimen140
) (/usr/local/texlive/2024/texmf-dist/tex/latex/base/inputenc.sty
Package: inputenc 2021/02/14 v1.3d Input encoding file
\inpenc@prehook=\toks17
\inpenc@posthook=\toks18
) (/usr/local/texlive/2024/texmf-dist/tex/latex/base/fontenc.sty
Package: fontenc 2021/04/29 v2.0v Standard LaTeX package
) (/usr/local/texlive/2024/texmf-dist/tex/latex/graphics/graphicx.sty
Package: graphicx 2021/09/16 v1.2d Enhanced LaTeX Graphics (DPC,SPQR)
 (/usr/local/texlive/2024/texmf-dist/tex/latex/graphics/keyval.sty
Package: keyval 2022/05/29 v1.15 key=value parser (DPC)
\KV@toks@=\toks19
) (/usr/local/texlive/2024/texmf-dist/tex/latex/graphics/graphics.sty
Package: graphics 2022/03/10 v1.4e Standard LaTeX Graphics (DPC,SPQR)
 (/usr/local/texlive/2024/texmf-dist/tex/latex/graphics/trig.sty
Package: trig 2021/08/11 v1.11 sin cos tan (DPC)
) (/usr/local/texlive/2024/texmf-dist/tex/latex/graphics-cfg/graphics.cfg
File: graphics.cfg 2016/06/04 v1.11 sample graphics configuration
)
Package graphics Info: Driver file: pdftex.def on input line 107.
 (/usr/local/texlive/2024/texmf-dist/tex/latex/graphics-def/pdftex.def
File: pdftex.def 2022/09/22 v1.2b Graphics/color driver for pdftex
))
\Gin@req@height=\dimen141
\Gin@req@width=\dimen142
) (/usr/local/texlive/2024/texmf-dist/tex/latex/geometry/geometry.sty
Package: geometry 2020/01/02 v5.9 Page Geometry
 (/usr/local/texlive/2024/texmf-dist/tex/generic/iftex/ifvtex.sty
Package: ifvtex 2019/10/25 v1.7 ifvtex legacy package. Use iftex instead.
 (/usr/local/texlive/2024/texmf-dist/tex/generic/iftex/iftex.sty
Package: iftex 2022/02/03 v1.0f TeX engine tests
))
\Gm@cnth=\count196
\Gm@cntv=\count197
\c@Gm@tempcnt=\count198
\Gm@bindingoffset=\dimen143
\Gm@wd@mp=\dimen144
\Gm@odd@mp=\dimen145
\Gm@even@mp=\dimen146
\Gm@layoutwidth=\dimen147
\Gm@layoutheight=\dimen148
\Gm@layouthoffset=\dimen149
\Gm@layoutvoffset=\dimen150
\Gm@dimlist=\toks20
) (/usr/local/texlive/2024/texmf-dist/tex/latex/fancyhdr/fancyhdr.sty
Package: fancyhdr 2022/11/09 v4.1 Extensive control of page headers and footers
\f@nch@headwidth=\skip50
\f@nch@O@elh=\skip51
\f@nch@O@erh=\skip52
\f@nch@O@olh=\skip53
\f@nch@O@orh=\skip54
\f@nch@O@elf=\skip55
\f@nch@O@erf=\skip56
\f@nch@O@olf=\skip57
\f@nch@O@orf=\skip58
) (/usr/local/texlive/2024/texmf-dist/tex/latex/lastpage/lastpage.sty
Package: lastpage 2023/10/14 v2.0e lastpage: 2.09 or 2e? (HMM)
 (/usr/local/texlive/2024/texmf-dist/tex/latex/lastpage/lastpage2e.sty
Package: lastpage2e 2023/10/14 v2.0e Decide which 2e lastpage version to use (HMM)
 (/usr/local/texlive/2024/texmf-dist/tex/latex/lastpage/lastpagemodern.sty
Package: lastpagemodern 2023-10-14 v2.0e Refers to last page's name (HMM; JPG)
\c@lastpagecount=\count199
) 
)) (/usr/local/texlive/2024/texmf-dist/tex/latex/setspace/setspace.sty
Package: setspace 2022/12/04 v6.7b set line spacing
) (/usr/local/texlive/2024/texmf-dist/tex/latex/amsmath/amsmath.sty
Package: amsmath 2023/05/13 v2.17o AMS math features
\@mathmargin=\skip59

For additional information on amsmath, use the `?' option.
(/usr/local/texlive/2024/texmf-dist/tex/latex/amsmath/amstext.sty
Package: amstext 2021/08/26 v2.01 AMS text
 (/usr/local/texlive/2024/texmf-dist/tex/latex/amsmath/amsgen.sty
File: amsgen.sty 1999/11/30 v2.0 generic functions
\@emptytoks=\toks21
\ex@=\dimen151
)) (/usr/local/texlive/2024/texmf-dist/tex/latex/amsmath/amsbsy.sty
Package: amsbsy 1999/11/29 v1.2d Bold Symbols
\pmbraise@=\dimen152
) (/usr/local/texlive/2024/texmf-dist/tex/latex/amsmath/amsopn.sty
Package: amsopn 2022/04/08 v2.04 operator names
)
\inf@bad=\count266
LaTeX Info: Redefining \frac on input line 234.
\uproot@=\count267
\leftroot@=\count268
LaTeX Info: Redefining \overline on input line 399.
LaTeX Info: Redefining \colon on input line 410.
\classnum@=\count269
\DOTSCASE@=\count270
LaTeX Info: Redefining \ldots on input line 496.
LaTeX Info: Redefining \dots on input line 499.
LaTeX Info: Redefining \cdots on input line 620.
\Mathstrutbox@=\box51
\strutbox@=\box52
LaTeX Info: Redefining \big on input line 722.
LaTeX Info: Redefining \Big on input line 723.
LaTeX Info: Redefining \bigg on input line 724.
LaTeX Info: Redefining \Bigg on input line 725.
\big@size=\dimen153
LaTeX Font Info:    Redeclaring font encoding OML on input line 743.
LaTeX Font Info:    Redeclaring font encoding OMS on input line 744.
\macc@depth=\count271
LaTeX Info: Redefining \bmod on input line 905.
LaTeX Info: Redefining \pmod on input line 910.
LaTeX Info: Redefining \smash on input line 940.
LaTeX Info: Redefining \relbar on input line 970.
LaTeX Info: Redefining \Relbar on input line 971.
\c@MaxMatrixCols=\count272
\dotsspace@=\muskip16
\c@parentequation=\count273
\dspbrk@lvl=\count274
\tag@help=\toks22
\row@=\count275
\column@=\count276
\maxfields@=\count277
\andhelp@=\toks23
\eqnshift@=\dimen154
\alignsep@=\dimen155
\tagshift@=\dimen156
\tagwidth@=\dimen157
\totwidth@=\dimen158
\lineht@=\dimen159
\@envbody=\toks24
\multlinegap=\skip60
\multlinetaggap=\skip61
\mathdisplay@stack=\toks25
LaTeX Info: Redefining \[ on input line 2953.
LaTeX Info: Redefining \] on input line 2954.
) (/usr/local/texlive/2024/texmf-dist/tex/latex/amsfonts/amssymb.sty
Package: amssymb 2013/01/14 v3.01 AMS font symbols
 (/usr/local/texlive/2024/texmf-dist/tex/latex/amsfonts/amsfonts.sty
Package: amsfonts 2013/01/14 v3.01 Basic AMSFonts support
\symAMSa=\mathgroup4
\symAMSb=\mathgroup5
LaTeX Font Info:    Redeclaring math symbol \hbar on input line 98.
LaTeX Font Info:    Overwriting math alphabet `\mathfrak' in version `bold'
(Font)                  U/euf/m/n --> U/euf/b/n on input line 106.
)) (/usr/local/texlive/2024/texmf-dist/tex/latex/l3backend/l3backend-pdftex.def
File: l3backend-pdftex.def 2024-02-20 L3 backend support: PDF output (pdfTeX)
\l__color_backend_stack_int=\count278
\l__pdf_internal_box=\box53
) (./NM_HM1_ZhidongZ.aux)
\openout1 = `NM_HM1_ZhidongZ.aux'.

LaTeX Font Info:    Checking defaults for OML/cmm/m/it on input line 40.
LaTeX Font Info:    ... okay on input line 40.
LaTeX Font Info:    Checking defaults for OMS/cmsy/m/n on input line 40.
LaTeX Font Info:    ... okay on input line 40.
LaTeX Font Info:    Checking defaults for OT1/cmr/m/n on input line 40.
LaTeX Font Info:    ... okay on input line 40.
LaTeX Font Info:    Checking defaults for T1/cmr/m/n on input line 40.
LaTeX Font Info:    ... okay on input line 40.
LaTeX Font Info:    Checking defaults for TS1/cmr/m/n on input line 40.
LaTeX Font Info:    ... okay on input line 40.
LaTeX Font Info:    Checking defaults for OMX/cmex/m/n on input line 40.
LaTeX Font Info:    ... okay on input line 40.
LaTeX Font Info:    Checking defaults for U/cmr/m/n on input line 40.
LaTeX Font Info:    ... okay on input line 40.
 (/usr/local/texlive/2024/texmf-dist/tex/context/base/mkii/supp-pdf.mkii
[Loading MPS to PDF converter (version 2006.09.02).]
\scratchcounter=\count279
\scratchdimen=\dimen160
\scratchbox=\box54
\nofMPsegments=\count280
\nofMParguments=\count281
\everyMPshowfont=\toks26
\MPscratchCnt=\count282
\MPscratchDim=\dimen161
\MPnumerator=\count283
\makeMPintoPDFobject=\count284
\everyMPtoPDFconversion=\toks27
) (/usr/local/texlive/2024/texmf-dist/tex/latex/epstopdf-pkg/epstopdf-base.sty
Package: epstopdf-base 2020-01-24 v2.11 Base part for package epstopdf
Package epstopdf-base Info: Redefining graphics rule for `.eps' on input line 485.
 (/usr/local/texlive/2024/texmf-dist/tex/latex/latexconfig/epstopdf-sys.cfg
File: epstopdf-sys.cfg 2010/07/13 v1.3 Configuration of (r)epstopdf for TeX Live
))
*geometry* driver: auto-detecting
*geometry* detected driver: pdftex
*geometry* verbose mode - [ preamble ] result:
* driver: pdftex
* paper: a4paper
* layout: <same size as paper>
* layoutoffset:(h,v)=(0.0pt,0.0pt)
* modes: 
* h-part:(L,W,R)=(72.26999pt, 452.9679pt, 72.26999pt)
* v-part:(T,H,B)=(72.26999pt, 700.50687pt, 72.26999pt)
* \paperwidth=597.50787pt
* \paperheight=845.04684pt
* \textwidth=452.9679pt
* \textheight=700.50687pt
* \oddsidemargin=0.0pt
* \evensidemargin=0.0pt
* \topmargin=-37.0pt
* \headheight=12.0pt
* \headsep=25.0pt
* \topskip=12.0pt
* \footskip=30.0pt
* \marginparwidth=35.0pt
* \marginparsep=10.0pt
* \columnsep=10.0pt
* \skip\footins=10.8pt plus 4.0pt minus 2.0pt
* \hoffset=0.0pt
* \voffset=0.0pt
* \mag=1000
* \@twocolumnfalse
* \@twosidefalse
* \@mparswitchfalse
* \@reversemarginfalse
* (1in=72.27pt=25.4mm, 1cm=28.453pt)

<figures/example.jpg, id=1, 370.0224pt x 493.3632pt>
File: figures/example.jpg Graphic file (type jpg)
<use figures/example.jpg>
Package pdftex.def Info: figures/example.jpg  used on input line 53.
(pdftex.def)             Requested size: 135.89174pt x 181.18646pt.
<figures/example_luminance.jpg, id=2, 200.1879pt x 266.6763pt>
File: figures/example_luminance.jpg Graphic file (type jpg)
<use figures/example_luminance.jpg>
Package pdftex.def Info: figures/example_luminance.jpg  used on input line 54.
(pdftex.def)             Requested size: 135.89174pt x 181.03636pt.
LaTeX Font Info:    Trying to load font information for U+msa on input line 61.
(/usr/local/texlive/2024/texmf-dist/tex/latex/amsfonts/umsa.fd
File: umsa.fd 2013/01/14 v3.01 AMS symbols A
)
LaTeX Font Info:    Trying to load font information for U+msb on input line 61.
 (/usr/local/texlive/2024/texmf-dist/tex/latex/amsfonts/umsb.fd
File: umsb.fd 2013/01/14 v3.01 AMS symbols B
)
<figures/response_map_L_v.pdf, id=3, 488.13617pt x 528.92981pt>
File: figures/response_map_L_v.pdf Graphic file (type pdf)
<use figures/response_map_L_v.pdf>
Package pdftex.def Info: figures/response_map_L_v.pdf  used on input line 67.
(pdftex.def)             Requested size: 362.37569pt x 392.66096pt.


LaTeX Warning: `h' float specifier changed to `ht'.

<figures/DoG_kernel_wc11ws10sc1ss5.pdf, id=4, 323.96724pt x 270.74248pt>
File: figures/DoG_kernel_wc11ws10sc1ss5.pdf Graphic file (type pdf)
<use figures/DoG_kernel_wc11ws10sc1ss5.pdf>
Package pdftex.def Info: figures/DoG_kernel_wc11ws10sc1ss5.pdf  used on input line 76.
(pdftex.def)             Requested size: 158.54152pt x 132.49971pt.
<figures/DoG_kernel_wc11ws30sc1ss5.pdf, id=5, 323.96724pt x 270.74248pt>
File: figures/DoG_kernel_wc11ws30sc1ss5.pdf Graphic file (type pdf)
<use figures/DoG_kernel_wc11ws30sc1ss5.pdf>
Package pdftex.def Info: figures/DoG_kernel_wc11ws30sc1ss5.pdf  used on input line 77.
(pdftex.def)             Requested size: 158.54152pt x 132.49971pt.
<figures/DoG_kernel_wc30ws10sc1ss5.pdf, id=6, 323.96724pt x 270.74248pt>
File: figures/DoG_kernel_wc30ws10sc1ss5.pdf Graphic file (type pdf)
<use figures/DoG_kernel_wc30ws10sc1ss5.pdf>
Package pdftex.def Info: figures/DoG_kernel_wc30ws10sc1ss5.pdf  used on input line 78.
(pdftex.def)             Requested size: 158.54152pt x 132.49971pt.
<figures/DoG_kernel_wc11ws10sc3ss5.pdf, id=7, 323.96724pt x 270.74248pt>
File: figures/DoG_kernel_wc11ws10sc3ss5.pdf Graphic file (type pdf)
<use figures/DoG_kernel_wc11ws10sc3ss5.pdf>
Package pdftex.def Info: figures/DoG_kernel_wc11ws10sc3ss5.pdf  used on input line 79.
(pdftex.def)             Requested size: 158.54152pt x 132.49971pt.
<figures/DoG_kernel_wc11ws10sc1ss10.pdf, id=8, 327.98224pt x 270.74248pt>
File: figures/DoG_kernel_wc11ws10sc1ss10.pdf Graphic file (type pdf)
<use figures/DoG_kernel_wc11ws10sc1ss10.pdf>
Package pdftex.def Info: figures/DoG_kernel_wc11ws10sc1ss10.pdf  used on input line 80.
(pdftex.def)             Requested size: 158.54152pt x 130.87616pt.

LaTeX Warning: `h' float specifier changed to `ht'.


Package fancyhdr Warning: \headheight is too small (12.0pt): 
(fancyhdr)                Make it at least 14.49998pt, for example:
(fancyhdr)                \setlength{\headheight}{14.49998pt}.
(fancyhdr)                You might also make \topmargin smaller to compensate:
(fancyhdr)                \addtolength{\topmargin}{-2.49998pt}.

[1{/usr/local/texlive/2024/texmf-var/fonts/map/pdftex/updmap/pdftex.map}{/usr/local/texlive/2024/texmf-dist/fonts/enc/dvips/cm-super/cm-super-t1.enc}

 <./figures/example.jpg> <./figures/example_luminance.jpg>]
<figures/DoG_response_map_wc11ws10sc1ss5.pdf, id=21, 283.84668pt x 317.19704pt>
File: figures/DoG_response_map_wc11ws10sc1ss5.pdf Graphic file (type pdf)
<use figures/DoG_response_map_wc11ws10sc1ss5.pdf>
Package pdftex.def Info: figures/DoG_response_map_wc11ws10sc1ss5.pdf  used on input line 95.
(pdftex.def)             Requested size: 194.77287pt x 217.65617pt.


LaTeX Warning: `h' float specifier changed to `ht'.


Package fancyhdr Warning: \headheight is too small (12.0pt): 
(fancyhdr)                Make it at least 14.49998pt, for example:
(fancyhdr)                \setlength{\headheight}{14.49998pt}.
(fancyhdr)                You might also make \topmargin smaller to compensate:
(fancyhdr)                \addtolength{\topmargin}{-2.49998pt}.

[2 <./figures/response_map_L_v.pdf>]

Package fancyhdr Warning: \headheight is too small (12.0pt): 
(fancyhdr)                Make it at least 14.49998pt, for example:
(fancyhdr)                \setlength{\headheight}{14.49998pt}.
(fancyhdr)                You might also make \topmargin smaller to compensate:
(fancyhdr)                \addtolength{\topmargin}{-2.49998pt}.

[3 <./figures/DoG_kernel_wc11ws10sc1ss5.pdf> <./figures/DoG_kernel_wc11ws30sc1ss5.pdf> <./figures/DoG_kernel_wc30ws10sc1ss5.pdf> <./figures/DoG_kernel_wc11ws10sc3ss5.pdf> <./figures/DoG_kernel_wc11ws10sc1ss10.pdf> <./figures/DoG_response_map_wc11ws10sc1ss5.pdf>]
<figures/V1_kernel_sx1_sy1.5_khat2.094_phi0.000.pdf, id=290, 295.8762pt x 270.09949pt>
File: figures/V1_kernel_sx1_sy1.5_khat2.094_phi0.000.pdf Graphic file (type pdf)
<use figures/V1_kernel_sx1_sy1.5_khat2.094_phi0.000.pdf>
Package pdftex.def Info: figures/V1_kernel_sx1_sy1.5_khat2.094_phi0.000.pdf  used on input line 107.
(pdftex.def)             Requested size: 158.54152pt x 144.72641pt.
<figures/V1_kernel_sx5_sy1.5_khat2.094_phi0.000.pdf, id=291, 295.8762pt x 270.09949pt>
File: figures/V1_kernel_sx5_sy1.5_khat2.094_phi0.000.pdf Graphic file (type pdf)
<use figures/V1_kernel_sx5_sy1.5_khat2.094_phi0.000.pdf>
Package pdftex.def Info: figures/V1_kernel_sx5_sy1.5_khat2.094_phi0.000.pdf  used on input line 108.
(pdftex.def)             Requested size: 158.54152pt x 144.72641pt.
<figures/V1_kernel_sx1_sy5_khat2.094_phi0.000.pdf, id=292, 291.05338pt x 270.09949pt>
File: figures/V1_kernel_sx1_sy5_khat2.094_phi0.000.pdf Graphic file (type pdf)
<use figures/V1_kernel_sx1_sy5_khat2.094_phi0.000.pdf>
Package pdftex.def Info: figures/V1_kernel_sx1_sy5_khat2.094_phi0.000.pdf  used on input line 109.
(pdftex.def)             Requested size: 158.54152pt x 147.12917pt.
<figures/V1_kernel_sx1_sy1.5_khat3.142_phi0.000.pdf, id=293, 295.8762pt x 270.09949pt>
File: figures/V1_kernel_sx1_sy1.5_khat3.142_phi0.000.pdf Graphic file (type pdf)
<use figures/V1_kernel_sx1_sy1.5_khat3.142_phi0.000.pdf>
Package pdftex.def Info: figures/V1_kernel_sx1_sy1.5_khat3.142_phi0.000.pdf  used on input line 110.
(pdftex.def)             Requested size: 158.54152pt x 144.72641pt.
<figures/V1_kernel_sx1_sy1.5_khat2.094_phi1.571.pdf, id=294, 295.37433pt x 270.09949pt>
File: figures/V1_kernel_sx1_sy1.5_khat2.094_phi1.571.pdf Graphic file (type pdf)
<use figures/V1_kernel_sx1_sy1.5_khat2.094_phi1.571.pdf>
Package pdftex.def Info: figures/V1_kernel_sx1_sy1.5_khat2.094_phi1.571.pdf  used on input line 111.
(pdftex.def)             Requested size: 158.54152pt x 144.98193pt.


Package fancyhdr Warning: \headheight is too small (12.0pt): 
(fancyhdr)                Make it at least 14.49998pt, for example:
(fancyhdr)                \setlength{\headheight}{14.49998pt}.
(fancyhdr)                You might also make \topmargin smaller to compensate:
(fancyhdr)                \addtolength{\topmargin}{-2.49998pt}.

[4

 <./figures/V1_kernel_sx1_sy1.5_khat2.094_phi0.000.pdf> <./figures/V1_kernel_sx5_sy1.5_khat2.094_phi0.000.pdf> <./figures/V1_kernel_sx1_sy5_khat2.094_phi0.000.pdf> <./figures/V1_kernel_sx1_sy1.5_khat3.142_phi0.000.pdf> <./figures/V1_kernel_sx1_sy1.5_khat2.094_phi1.571.pdf>]
<figures/V1_response_map_sx1sy1.5khat2.094phi0.000.pdf, id=519, 296.10046pt x 322.01506pt>
File: figures/V1_response_map_sx1sy1.5khat2.094phi0.000.pdf Graphic file (type pdf)
<use figures/V1_response_map_sx1sy1.5khat2.094phi0.000.pdf>
Package pdftex.def Info: figures/V1_response_map_sx1sy1.5khat2.094phi0.000.pdf  used on input line 126.
(pdftex.def)             Requested size: 194.77287pt x 211.82304pt.
<figures/V1_kernel_horizontal_sx1.5_sy1_khat2.094_phi0.000.pdf, id=520, 295.8762pt x 270.09949pt>
File: figures/V1_kernel_horizontal_sx1.5_sy1_khat2.094_phi0.000.pdf Graphic file (type pdf)
<use figures/V1_kernel_horizontal_sx1.5_sy1_khat2.094_phi0.000.pdf>
Package pdftex.def Info: figures/V1_kernel_horizontal_sx1.5_sy1_khat2.094_phi0.000.pdf  used on input line 140.
(pdftex.def)             Requested size: 158.54152pt x 144.72641pt.
File: figures/V1_kernel_sx1_sy1.5_khat2.094_phi0.000.pdf Graphic file (type pdf)
<use figures/V1_kernel_sx1_sy1.5_khat2.094_phi0.000.pdf>
Package pdftex.def Info: figures/V1_kernel_sx1_sy1.5_khat2.094_phi0.000.pdf  used on input line 140.
(pdftex.def)             Requested size: 158.54152pt x 144.72641pt.


Package fancyhdr Warning: \headheight is too small (12.0pt): 
(fancyhdr)                Make it at least 14.49998pt, for example:
(fancyhdr)                \setlength{\headheight}{14.49998pt}.
(fancyhdr)                You might also make \topmargin smaller to compensate:
(fancyhdr)                \addtolength{\topmargin}{-2.49998pt}.

[5 <./figures/V1_response_map_sx1sy1.5khat2.094phi0.000.pdf> <./figures/V1_kernel_horizontal_sx1.5_sy1_khat2.094_phi0.000.pdf>]
<figures/V1_response_map_horizontal_sx1.5sy1khat2.094phi0.000.pdf, id=604, 296.10046pt x 322.01506pt>
File: figures/V1_response_map_horizontal_sx1.5sy1khat2.094phi0.000.pdf Graphic file (type pdf)
<use figures/V1_response_map_horizontal_sx1.5sy1khat2.094phi0.000.pdf>
Package pdftex.def Info: figures/V1_response_map_horizontal_sx1.5sy1khat2.094phi0.000.pdf  used on input line 149.
(pdftex.def)             Requested size: 194.77287pt x 211.82304pt.
File: figures/V1_response_map_sx1sy1.5khat2.094phi0.000.pdf Graphic file (type pdf)
<use figures/V1_response_map_sx1sy1.5khat2.094phi0.000.pdf>
Package pdftex.def Info: figures/V1_response_map_sx1sy1.5khat2.094phi0.000.pdf  used on input line 150.
(pdftex.def)             Requested size: 194.77287pt x 211.82304pt.
<figures/V1_response_map_horizontal_ssx1.5sy1khat2.094phi0.000_baboon.pdf, id=605, 350.62416pt x 322.01506pt>
File: figures/V1_response_map_horizontal_ssx1.5sy1khat2.094phi0.000_baboon.pdf Graphic file (type pdf)
<use figures/V1_response_map_horizontal_ssx1.5sy1khat2.094phi0.000_baboon.pdf>
Package pdftex.def Info: figures/V1_response_map_horizontal_ssx1.5sy1khat2.094phi0.000_baboon.pdf  used on input line 160.
(pdftex.def)             Requested size: 194.77287pt x 178.88261pt.
<figures/V1_response_map_sx1sy1.5khat2.094phi0.000_baboon.pdf, id=606, 350.62416pt x 322.01506pt>
File: figures/V1_response_map_sx1sy1.5khat2.094phi0.000_baboon.pdf Graphic file (type pdf)
<use figures/V1_response_map_sx1sy1.5khat2.094phi0.000_baboon.pdf>
Package pdftex.def Info: figures/V1_response_map_sx1sy1.5khat2.094phi0.000_baboon.pdf  used on input line 161.
(pdftex.def)             Requested size: 194.77287pt x 178.88261pt.


Package fancyhdr Warning: \headheight is too small (12.0pt): 
(fancyhdr)                Make it at least 14.49998pt, for example:
(fancyhdr)                \setlength{\headheight}{14.49998pt}.
(fancyhdr)                You might also make \topmargin smaller to compensate:
(fancyhdr)                \addtolength{\topmargin}{-2.49998pt}.

[6 <./figures/V1_response_map_horizontal_sx1.5sy1khat2.094phi0.000.pdf> <./figures/V1_response_map_horizontal_ssx1.5sy1khat2.094phi0.000_baboon.pdf> <./figures/V1_response_map_sx1sy1.5khat2.094phi0.000_baboon.pdf>]
<figures/V1_response_map_horizontal_sx1.5sy1khat2.094phi1.571.pdf, id=734, 295.59859pt x 322.01506pt>
File: figures/V1_response_map_horizontal_sx1.5sy1khat2.094phi1.571.pdf Graphic file (type pdf)
<use figures/V1_response_map_horizontal_sx1.5sy1khat2.094phi1.571.pdf>
Package pdftex.def Info: figures/V1_response_map_horizontal_sx1.5sy1khat2.094phi1.571.pdf  used on input line 171.
(pdftex.def)             Requested size: 181.18439pt x 197.37721pt.
<figures/V1_response_map_sx1sy1.5khat2.094phi1.571.pdf, id=735, 295.59859pt x 322.01506pt>
File: figures/V1_response_map_sx1sy1.5khat2.094phi1.571.pdf Graphic file (type pdf)
<use figures/V1_response_map_sx1sy1.5khat2.094phi1.571.pdf>
Package pdftex.def Info: figures/V1_response_map_sx1sy1.5khat2.094phi1.571.pdf  used on input line 172.
(pdftex.def)             Requested size: 181.18439pt x 197.37721pt.
<figures/DoG_CSF_noextensions_wc11_ws10_sc1_ss5.pdf, id=736, 384.02534pt x 282.68486pt>
File: figures/DoG_CSF_noextensions_wc11_ws10_sc1_ss5.pdf Graphic file (type pdf)
<use figures/DoG_CSF_noextensions_wc11_ws10_sc1_ss5.pdf>
Package pdftex.def Info: figures/DoG_CSF_noextensions_wc11_ws10_sc1_ss5.pdf  used on input line 185.
(pdftex.def)             Requested size: 271.7835pt x 200.07356pt.


Package fancyhdr Warning: \headheight is too small (12.0pt): 
(fancyhdr)                Make it at least 14.49998pt, for example:
(fancyhdr)                \setlength{\headheight}{14.49998pt}.
(fancyhdr)                You might also make \topmargin smaller to compensate:
(fancyhdr)                \addtolength{\topmargin}{-2.49998pt}.

[7 <./figures/V1_response_map_horizontal_sx1.5sy1khat2.094phi1.571.pdf> <./figures/V1_response_map_sx1sy1.5khat2.094phi1.571.pdf> <./figures/DoG_CSF_noextensions_wc11_ws10_sc1_ss5.pdf>]
<figures/V1_CSF_sx1_sy1.5_khat2.094_phi0.000.pdf, id=871, 377.64214pt x 282.68486pt>
File: figures/V1_CSF_sx1_sy1.5_khat2.094_phi0.000.pdf Graphic file (type pdf)
<use figures/V1_CSF_sx1_sy1.5_khat2.094_phi0.000.pdf>
Package pdftex.def Info: figures/V1_CSF_sx1_sy1.5_khat2.094_phi0.000.pdf  used on input line 201.
(pdftex.def)             Requested size: 271.7835pt x 203.45097pt.
<figures/V1_CSF_sx2_sy3_khat2.094_phi0.000.pdf, id=872, 393.60803pt x 282.68486pt>
File: figures/V1_CSF_sx2_sy3_khat2.094_phi0.000.pdf Graphic file (type pdf)
<use figures/V1_CSF_sx2_sy3_khat2.094_phi0.000.pdf>
Package pdftex.def Info: figures/V1_CSF_sx2_sy3_khat2.094_phi0.000.pdf  used on input line 202.
(pdftex.def)             Requested size: 271.7835pt x 195.1951pt.
<figures/V1_CSF_different_sigma_x.pdf, id=873, 407.76213pt x 327.57957pt>
File: figures/V1_CSF_different_sigma_x.pdf Graphic file (type pdf)
<use figures/V1_CSF_different_sigma_x.pdf>
Package pdftex.def Info: figures/V1_CSF_different_sigma_x.pdf  used on input line 211.
(pdftex.def)             Requested size: 271.7835pt x 218.34251pt.


Package fancyhdr Warning: \headheight is too small (12.0pt): 
(fancyhdr)                Make it at least 14.49998pt, for example:
(fancyhdr)                \setlength{\headheight}{14.49998pt}.
(fancyhdr)                You might also make \topmargin smaller to compensate:
(fancyhdr)                \addtolength{\topmargin}{-2.49998pt}.

[8 <./figures/V1_CSF_sx1_sy1.5_khat2.094_phi0.000.pdf> <./figures/V1_CSF_sx2_sy3_khat2.094_phi0.000.pdf>]
<figures/Signal_CSF_average.pdf, id=985, 398.68951pt x 285.35107pt>
File: figures/Signal_CSF_average.pdf Graphic file (type pdf)
<use figures/Signal_CSF_average.pdf>
Package pdftex.def Info: figures/Signal_CSF_average.pdf  used on input line 226.
(pdftex.def)             Requested size: 317.07614pt x 226.93573pt.


LaTeX Warning: `h' float specifier changed to `ht'.


Package fancyhdr Warning: \headheight is too small (12.0pt): 
(fancyhdr)                Make it at least 14.49998pt, for example:
(fancyhdr)                \setlength{\headheight}{14.49998pt}.
(fancyhdr)                You might also make \topmargin smaller to compensate:
(fancyhdr)                \addtolength{\topmargin}{-2.49998pt}.

[9 <./figures/V1_CSF_different_sigma_x.pdf>]

Package fancyhdr Warning: \headheight is too small (12.0pt): 
(fancyhdr)                Make it at least 14.49998pt, for example:
(fancyhdr)                \setlength{\headheight}{14.49998pt}.
(fancyhdr)                You might also make \topmargin smaller to compensate:
(fancyhdr)                \addtolength{\topmargin}{-2.49998pt}.

[10 <./figures/Signal_CSF_average.pdf>] 
enddocument/afterlastpage: lastpage setting LastPage.
(./NM_HM1_ZhidongZ.aux)
 ***********
LaTeX2e <2023-11-01> patch level 1
L3 programming layer <2024-02-20>
 ***********
 ) 
Here is how much of TeX's memory you used:
 3858 strings out of 474116
 63848 string characters out of 5743681
 1933187 words of memory out of 5000000
 26183 multiletter control sequences out of 15000+600000
 566566 words of font info for 59 fonts, out of 8000000 for 9000
 1141 hyphenation exceptions out of 8191
 70i,11n,65p,636b,254s stack positions out of 10000i,1000n,20000p,200000b,200000s
</usr/local/texlive/2024/texmf-dist/fonts/type1/public/amsfonts/cm/cmmi12.pfb></usr/local/texlive/2024/texmf-dist/fonts/type1/public/amsfonts/cm/cmmi8.pfb></usr/local/texlive/2024/texmf-dist/fonts/type1/public/amsfonts/cm/cmr12.pfb></usr/local/texlive/2024/texmf-dist/fonts/type1/public/amsfonts/cm/cmr8.pfb></usr/local/texlive/2024/texmf-dist/fonts/type1/public/amsfonts/cm/cmsy10.pfb></usr/local/texlive/2024/texmf-dist/fonts/type1/public/cm-super/sfbx1440.pfb></usr/local/texlive/2024/texmf-dist/fonts/type1/public/cm-super/sfbx1728.pfb></usr/local/texlive/2024/texmf-dist/fonts/type1/public/cm-super/sfrm1200.pfb>
Output written on NM_HM1_ZhidongZ.pdf (10 pages, 2371692 bytes).
PDF statistics:
 1127 PDF objects out of 1200 (max. 8388607)
 303 compressed objects within 4 object streams
 0 named destinations out of 1000 (max. 500000)
 131 words of extra memory for PDF output out of 10000 (max. 10000000)

